<?xml version="1.0" encoding="UTF-8"?>
<!-- Generated by org.testng.reporters.JUnitReportReporter -->
<testsuite skipped="0" hostname="LAPTOP-B0ABAAJ6" name="base.BaseTest" tests="1" failures="0" timestamp="2022-09-15T16:45:07 IST" time="40.354" errors="0">
  <testcase name="clogin" time="40.354" classname="base.BaseTest"/>
  <system-out/>
</testsuite> <!-- base.BaseTest -->
